Test[Mon Aug 23 12:55:50 2021]
Test[Mon Aug 23 12:55:56 2021]
Test[Mon Aug 23 12:57:07 2021]
[Info]Test[Mon Aug 23 12:58:47 2021]
[Info]test2[Sun Aug 22 18:22:54 2021]
[Info]Http task completed[Tue Aug 24 15:56:05 2021]
[Info]Curl initalization[Tue Aug 24 15:56:07 2021]
[Info]Https connection task end[Tue Aug 24 15:56:08 2021]
[Info]Http task started[Tue Aug 24 16:01:47 2021]
[Info]Http task complited[Tue Aug 24 16:01:47 2021]
[Info]Https task started[Tue Aug 24 16:01:59 2021]
[Info]Curl was initialized[Tue Aug 24 16:01:59 2021]
[Info]Https connection task comlited[Tue Aug 24 16:01:59 2021]
[Info]Http task started[Tue Aug 24 16:11:19 2021]
[Info]Http task complited[Tue Aug 24 16:11:19 2021]
[Info]Date was found[Tue Aug 24 16:11:19 2021]
[Info]Month was found[Tue Aug 24 16:11:19 2021]
[Info]Https task started[Tue Aug 24 16:11:20 2021]
[Info]Curl was initialized[Tue Aug 24 16:11:20 2021]
[Info]Https connection task comlited[Tue Aug 24 16:11:21 2021]
[Info]Http task started[Tue Aug 24 16:13:11 2021]
[Info]Http task complited[Tue Aug 24 16:13:11 2021]
[Info]Date was found[Tue Aug 24 16:13:11 2021]
[Info]Month was found[Tue Aug 24 16:13:11 2021]
[Info]Https task started[Tue Aug 24 16:13:14 2021]
[Info]Curl was initialized[Tue Aug 24 16:13:14 2021]
[Info]Https connection task comlited[Tue Aug 24 16:13:14 2021]
[Info]Program complited[Tue Aug 24 16:13:14 2021]
